<?xml version="1.0" encoding="UTF-8"?>
<testsuite xmlns:xsi="http://www.w3.org/2001/XMLSchema-instance" xsi:noNamespaceSchemaLocation="https://maven.apache.org/surefire/maven-surefire-plugin/xsd/surefire-test-report-3.0.xsd" version="3.0" name="ec.edu.epn.git.calculator.CalculatorParametersTest" time="0.101" tests="6" errors="0" skipped="0" failures="0">
  <properties>
    <property name="java.specification.version" value="17"/>
    <property name="sun.cpu.isalist" value="amd64"/>
    <property name="sun.jnu.encoding" value="Cp1252"/>
    <property name="java.class.path" value="C:\Users\tandr\OneDrive\Documentos\GitHub\GR04_1BP3_622_24B\target\test-classes;C:\Users\tandr\OneDrive\Documentos\GitHub\GR04_1BP3_622_24B\target\classes;C:\Users\tandr\.m2\repository\junit\junit\4.13.2\junit-4.13.2.jar;C:\Users\tandr\.m2\repository\org\hamcrest\hamcrest-core\1.3\hamcrest-core-1.3.jar;C:\Users\tandr\.m2\repository\org\mockito\mockito-core\5.14.1\mockito-core-5.14.1.jar;C:\Users\tandr\.m2\repository\net\bytebuddy\byte-buddy\1.15.3\byte-buddy-1.15.3.jar;C:\Users\tandr\.m2\repository\net\bytebuddy\byte-buddy-agent\1.15.3\byte-buddy-agent-1.15.3.jar;C:\Users\tandr\.m2\repository\org\objenesis\objenesis\3.3\objenesis-3.3.jar;"/>
    <property name="java.vm.vendor" value="JetBrains s.r.o."/>
    <property name="sun.arch.data.model" value="64"/>
    <property name="user.variant" value=""/>
    <property name="java.vendor.url" value="https://openjdk.java.net/"/>
    <property name="user.timezone" value="America/Guayaquil"/>
    <property name="os.name" value="Windows 11"/>
    <property name="java.vm.specification.version" value="17"/>
    <property name="sun.java.launcher" value="SUN_STANDARD"/>
    <property name="user.country" value="EC"/>
    <property name="sun.boot.library.path" value="C:\Users\tandr\.jdks\jbr-17.0.12\bin"/>
    <property name="sun.java.command" value="C:\Users\tandr\AppData\Local\Temp\surefire3107945549412594615\surefirebooter-20241023122832330_3.jar C:\Users\tandr\AppData\Local\Temp\surefire3107945549412594615 2024-10-23T12-28-31_987-jvmRun1 surefire-20241023122832330_1tmp surefire_0-20241023122832330_2tmp"/>
    <property name="jdk.debug" value="release"/>
    <property name="surefire.test.class.path" value="C:\Users\tandr\OneDrive\Documentos\GitHub\GR04_1BP3_622_24B\target\test-classes;C:\Users\tandr\OneDrive\Documentos\GitHub\GR04_1BP3_622_24B\target\classes;C:\Users\tandr\.m2\repository\junit\junit\4.13.2\junit-4.13.2.jar;C:\Users\tandr\.m2\repository\org\hamcrest\hamcrest-core\1.3\hamcrest-core-1.3.jar;C:\Users\tandr\.m2\repository\org\mockito\mockito-core\5.14.1\mockito-core-5.14.1.jar;C:\Users\tandr\.m2\repository\net\bytebuddy\byte-buddy\1.15.3\byte-buddy-1.15.3.jar;C:\Users\tandr\.m2\repository\net\bytebuddy\byte-buddy-agent\1.15.3\byte-buddy-agent-1.15.3.jar;C:\Users\tandr\.m2\repository\org\objenesis\objenesis\3.3\objenesis-3.3.jar;"/>
    <property name="sun.cpu.endian" value="little"/>
    <property name="user.home" value="C:\Users\tandr"/>
    <property name="user.language" value="es"/>
    <property name="java.specification.vendor" value="Oracle Corporation"/>
    <property name="java.version.date" value="2024-07-16"/>
    <property name="java.home" value="C:\Users\tandr\.jdks\jbr-17.0.12"/>
    <property name="file.separator" value="\"/>
    <property name="basedir" value="C:\Users\tandr\OneDrive\Documentos\GitHub\GR04_1BP3_622_24B"/>
    <property name="java.vm.compressedOopsMode" value="Zero based"/>
    <property name="line.separator" value="&#10;"/>
    <property name="java.vm.specification.vendor" value="Oracle Corporation"/>
    <property name="java.specification.name" value="Java Platform API Specification"/>
    <property name="intellij.os.virtualization" value="none"/>
    <property name="jbr.virtualization.information" value="Hyper-V role"/>
    <property name="surefire.real.class.path" value="C:\Users\tandr\AppData\Local\Temp\surefire3107945549412594615\surefirebooter-20241023122832330_3.jar"/>
    <property name="user.script" value=""/>
    <property name="sun.management.compiler" value="HotSpot 64-Bit Tiered Compilers"/>
    <property name="java.runtime.version" value="17.0.12+1-b1207.37"/>
    <property name="user.name" value="tandr"/>
    <property name="path.separator" value=";"/>
    <property name="os.version" value="10.0"/>
    <property name="java.runtime.name" value="OpenJDK Runtime Environment"/>
    <property name="file.encoding" value="Cp1252"/>
    <property name="java.vm.name" value="OpenJDK 64-Bit Server VM"/>
    <property name="java.vendor.version" value="JBR-17.0.12+1-1207.37-nomod"/>
    <property name="localRepository" value="C:\Users\tandr\.m2\repository"/>
    <property name="java.vendor.url.bug" value="https://bugreport.java.com/bugreport/"/>
    <property name="java.io.tmpdir" value="C:\Users\tandr\AppData\Local\Temp\"/>
    <property name="idea.version" value="2024.2.3"/>
    <property name="java.version" value="17.0.12"/>
    <property name="user.dir" value="C:\Users\tandr\OneDrive\Documentos\GitHub\GR04_1BP3_622_24B"/>
    <property name="os.arch" value="amd64"/>
    <property name="java.vm.specification.name" value="Java Virtual Machine Specification"/>
    <property name="sun.os.patch.level" value=""/>
    <property name="native.encoding" value="Cp1252"/>
    <property name="java.library.path" value="C:\Users\tandr\.jdks\jbr-17.0.12\bin;C:\Windows\Sun\Java\bin;C:\Windows\system32;C:\Windows;C:\Program Files\Java\jdk-21\bin;C:\Program Files (x86)\Common Files\Oracle\Java\java8path;C:\Program Files (x86)\Common Files\Oracle\Java\javapath;C:\Windows\system32;C:\Windows;C:\Windows\System32\Wbem;C:\Windows\System32\WindowsPowerShell\v1.0\;C:\Windows\System32\OpenSSH\;C:\Program Files\nodejs\;C:\Program Files (x86)\Go\bin;C:\Program Files\dotnet\;C:\Program Files\Microsoft SQL Server\150\Tools\Binn\;C:\Program Files\Microsoft SQL Server\Client SDK\ODBC\170\Tools\Binn\;C:\Program Files (x86)\Windows Kits\10\Windows Performance Toolkit\;C:\Program Files\Microsoft SQL Server\Client SDK\ODBC\130\Tools\Binn\;C:\Program Files (x86)\Microsoft SQL Server\Client SDK\ODBC\130\Tools\Binn\;C:\Program Files (x86)\Microsoft SQL Server\140\Tools\Binn\;C:\Program Files (x86)\Microsoft SQL Server\140\DTS\Binn\;C:\Program Files (x86)\Microsoft SQL Server\140\Tools\Binn\ManagementStudio\;C:\Program Files (x86)\Microsoft SQL Server\160\DTS\Binn\;C:\Program Files\Azure Data Studio\bin;C:\Program Files (x86)\Java\jre-1.8\bin;C:\Program Files\Git\cmd;C:\Program Files\Docker\Docker\resources\bin;C:\Program Files\Java\jdk-21\bin;C:\Users\tandr\AppData\Local\Programs\Python\Python312\;C:\Users\tandr\AppData\Local\Microsoft\WindowsApps;C:\Users\tandr\AppData\Roaming\npm;C:\Users\tandr\AppData\Local\Programs\Microsoft VS Code\bin;C:\Users\tandr\AppData\Local\Programs\Python\Python312;C:\Users\tandr\AppData\Local\GitHubDesktop\bin;C:\Users\tandr\go\bin;C:\Users\tandr\.dotnet\tools;C:\Program Files\Azure Data Studio\bin;;."/>
    <property name="java.vm.info" value="mixed mode, sharing"/>
    <property name="java.vendor" value="JetBrains s.r.o."/>
    <property name="java.vm.version" value="17.0.12+1-b1207.37"/>
    <property name="sun.io.unicode.encoding" value="UnicodeLittle"/>
    <property name="java.class.version" value="61.0"/>
  </properties>
  <testcase name="given_parameters_when_addition_then_summation[0]" classname="ec.edu.epn.git.calculator.CalculatorParametersTest" time="0.006"/>
  <testcase name="given_parameters_when_addition_then_summation[1]" classname="ec.edu.epn.git.calculator.CalculatorParametersTest" time="0.0"/>
  <testcase name="given_parameters_when_addition_then_summation[2]" classname="ec.edu.epn.git.calculator.CalculatorParametersTest" time="0.0"/>
  <testcase name="given_parameters_when_addition_then_summation[3]" classname="ec.edu.epn.git.calculator.CalculatorParametersTest" time="0.0"/>
  <testcase name="given_parameters_when_addition_then_summation[4]" classname="ec.edu.epn.git.calculator.CalculatorParametersTest" time="0.0"/>
  <testcase name="given_parameters_when_addition_then_summation[5]" classname="ec.edu.epn.git.calculator.CalculatorParametersTest" time="0.0"/>
</testsuite>